Log file open, 03/04/20 12:39:01
LogWindows: Failed to load 'aqProf.dll' (GetLastError=126)
LogWindows: File 'aqProf.dll' does not exist
LogWindows: Failed to load 'VtuneApi.dll' (GetLastError=126)
LogWindows: File 'VtuneApi.dll' does not exist
LogWindows: Failed to load 'VtuneApi32e.dll' (GetLastError=126)
LogWindows: File 'VtuneApi32e.dll' does not exist
LogConsoleResponse: Display: Failed to find resolution value strings in scalability ini. Falling back to default.
LogInit: Display: Running engine for game: Rage_Rambler
LogPakFile: Registered encryption key '00000000000000000000000000000000': 0 pak files mounted, 0 remain pending
LogPlatformFile: Not using cached read wrapper
LogTaskGraph: Started task graph with 5 named threads and 23 total threads with 3 sets of task threads.
LogStats: Stats thread started at 0.785341
LogD3D11RHI: Loaded GFSDK_Aftermath_Lib.x64.dll
LogWindows: Failed to load '../../../Engine/Binaries/ThirdParty/libsndfile/Win64/libsndfile-1.dll' (GetLastError=126)
LogWindows: File '../../../Engine/Binaries/ThirdParty/libsndfile/Win64/libsndfile-1.dll' does not exist
LogAudioMixer: Display: Failed to load Sound File dll
LogAudioEditor: Display: LibSoundFile failed to load. Importing audio will not work correctly.
LogICUInternationalization: ICU TimeZone Detection - Raw Offset: -8:00, Platform Override: ''
LogPluginManager: Mounting plugin Paper2D
LogPluginManager: Mounting plugin AISupport
LogPluginManager: Mounting plugin LightPropagationVolume
LogPluginManager: Mounting plugin ActorLayerUtilities
LogPluginManager: Mounting plugin AnimationSharing
LogPluginManager: Mounting plugin CLionSourceCodeAccess
LogPluginManager: Mounting plugin CodeLiteSourceCodeAccess
LogPluginManager: Mounting plugin GitSourceControl
LogPluginManager: Mounting plugin KDevelopSourceCodeAccess
LogPluginManager: Mounting plugin NullSourceCodeAccess
LogPluginManager: Mounting plugin PerforceSourceControl
LogPluginManager: Mounting plugin SubversionSourceControl
LogPluginManager: Mounting plugin UObjectPlugin
LogPluginManager: Mounting plugin VisualStudioCodeSourceCodeAccess
LogPluginManager: Mounting plugin VisualStudioSourceCodeAccess
LogPluginManager: Mounting plugin XCodeSourceCodeAccess
LogPluginManager: Mounting plugin AssetManagerEditor
LogPluginManager: Mounting plugin CryptoKeys
LogPluginManager: Mounting plugin DataValidation
LogPluginManager: Mounting plugin FacialAnimation
LogPluginManager: Mounting plugin GameplayTagsEditor
LogPluginManager: Mounting plugin MacGraphicsSwitching
LogPluginManager: Mounting plugin MaterialAnalyzer
LogPluginManager: Mounting plugin MobileLauncherProfileWizard
LogPluginManager: Mounting plugin PluginBrowser
LogPluginManager: Mounting plugin SpeedTreeImporter
LogPluginManager: Mounting plugin DatasmithContent
LogPluginManager: Mounting plugin VariantManagerContent
LogPluginManager: Mounting plugin AlembicImporter
LogPluginManager: Mounting plugin AppleImageUtils
LogPluginManager: Mounting plugin AppleVision
LogPluginManager: Mounting plugin BackChannel
LogPluginManager: Mounting plugin CharacterAI
LogPluginManager: Mounting plugin GeometryCache
LogPluginManager: Mounting plugin HTML5Networking
LogPluginManager: Mounting plugin ProxyLODPlugin
LogPluginManager: Mounting plugin SkeletalReduction
LogPluginManager: Mounting plugin MagicLeap
LogPluginManager: Mounting plugin MagicLeapMedia
LogPluginManager: Mounting plugin AndroidMedia
LogPluginManager: Mounting plugin AvfMedia
LogPluginManager: Mounting plugin ImgMedia
LogPluginManager: Mounting plugin LinearTimecode
LogPluginManager: Mounting plugin MediaCompositing
LogPluginManager: Mounting plugin MediaPlayerEditor
LogPluginManager: Mounting plugin WebMMedia
LogPluginManager: Mounting plugin WmfMedia
LogPluginManager: Mounting plugin TcpMessaging
LogPluginManager: Mounting plugin UdpMessaging
LogPluginManager: Mounting plugin ActorSequence
LogPluginManager: Mounting plugin LevelSequenceEditor
LogPluginManager: Mounting plugin MatineeToLevelSequence
LogPluginManager: Mounting plugin NetcodeUnitTest
LogPluginManager: Mounting plugin NUTUnrealEngine4
LogPluginManager: Mounting plugin OnlineSubsystemGooglePlay
LogPluginManager: Mounting plugin OnlineSubsystemIOS
LogPluginManager: Mounting plugin OnlineSubsystem
LogPluginManager: Mounting plugin OnlineSubsystemNull
LogPluginManager: Mounting plugin OnlineSubsystemUtils
LogPluginManager: Mounting plugin LauncherChunkInstaller
LogPluginManager: Mounting plugin AndroidDeviceProfileSelector
LogPluginManager: Mounting plugin AndroidMoviePlayer
LogPluginManager: Mounting plugin AndroidPermission
LogPluginManager: Mounting plugin AppleMoviePlayer
LogPluginManager: Mounting plugin ArchVisCharacter
LogPluginManager: Mounting plugin AudioCapture
LogPluginManager: Mounting plugin CableComponent
LogPluginManager: Mounting plugin CustomMeshComponent
LogPluginManager: Mounting plugin EditableMesh
LogPluginManager: Mounting plugin ExampleDeviceProfileSelector
LogPluginManager: Mounting plugin Firebase
LogPluginManager: Mounting plugin GoogleCloudMessaging
LogPluginManager: Mounting plugin IOSDeviceProfileSelector
LogPluginManager: Mounting plugin LinuxDeviceProfileSelector
LogPluginManager: Mounting plugin LocationServicesBPLibrary
LogPluginManager: Mounting plugin MobilePatchingUtils
LogPluginManager: Mounting plugin OculusVR
LogPluginManager: Mounting plugin PhysXVehicles
LogPluginManager: Mounting plugin ProceduralMeshComponent
LogPluginManager: Mounting plugin RuntimePhysXCooking
LogPluginManager: Mounting plugin SignificanceManager
LogPluginManager: Mounting plugin SteamVR
LogPluginManager: Mounting plugin WebMMoviePlayer
LogPluginManager: Mounting plugin WindowsMoviePlayer
LogInit: Using libcurl 7.55.1-DEV
LogInit:  - built for x86_64-pc-win32
LogInit:  - supports SSL with OpenSSL/1.1.1
LogInit:  - supports HTTP deflate (compression) using libz 1.2.8
LogInit:  - other features:
LogInit:      CURL_VERSION_SSL
LogInit:      CURL_VERSION_LIBZ
LogInit:      CURL_VERSION_IPV6
LogInit:      CURL_VERSION_ASYNCHDNS
LogInit:      CURL_VERSION_LARGEFILE
LogInit:      CURL_VERSION_IDN
LogInit:  CurlRequestOptions (configurable via config and command line):
LogInit:  - bVerifyPeer = true  - Libcurl will verify peer certificate
LogInit:  - bUseHttpProxy = false  - Libcurl will NOT use HTTP proxy
LogInit:  - bDontReuseConnections = false  - Libcurl will reuse connections
LogInit:  - MaxHostConnections = 16  - Libcurl will limit the number of connections to a host
LogInit:  - LocalHostAddr = Default
LogInit:  - BufferSize = 65536
LogInit: WinSock: version 1.1 (2.2), MaxSocks=32767, MaxUdp=65467
LogInit: Build: ++UE4+Release-4.22-CL-5660361
LogInit: Engine Version: 4.22.0-5660361+++UE4+Release-4.22
LogInit: Compatible Engine Version: 4.22.0-5660361+++UE4+Release-4.22
LogInit: Net CL: 5660361
LogInit: OS: Windows 10 (Release 1803) (), CPU: Intel(R) Xeon(R) W-2123 CPU @ 3.60GHz, GPU: NVIDIA GeForce RTX 2070
LogInit: Compiled (64-bit): Mar 31 2019 02:05:09
LogInit: Compiled with Visual C++: 19.16.27025.01
LogInit: Build Configuration: Development
LogInit: Branch Name: ++UE4+Release-4.22
LogInit: Command Line: 
LogInit: Base Directory: C:/Program Files/Epic Games/UE_4.22/Engine/Binaries/Win64/
LogInit: Installed Engine Build: 1
LogDevObjectVersion: Number of dev versions registered: 23
LogDevObjectVersion:   Dev-Blueprints (B0D832E4-1F89-4F0D-ACCF-7EB736FD4AA2): 10
LogDevObjectVersion:   Dev-Build (E1C64328-A22C-4D53-A36C-8E866417BD8C): 0
LogDevObjectVersion:   Dev-Core (375EC13C-06E4-48FB-B500-84F0262A717E): 3
LogDevObjectVersion:   Dev-Editor (E4B068ED-F494-42E9-A231-DA0B2E46BB41): 30
LogDevObjectVersion:   Dev-Framework (CFFC743F-43B0-4480-9391-14DF171D2073): 35
LogDevObjectVersion:   Dev-Mobile (B02B49B5-BB20-44E9-A304-32B752E40360): 2
LogDevObjectVersion:   Dev-Networking (A4E4105C-59A1-49B5-A7C5-40C4547EDFEE): 0
LogDevObjectVersion:   Dev-Online (39C831C9-5AE6-47DC-9A44-9C173E1C8E7C): 0
LogDevObjectVersion:   Dev-Physics (78F01B33-EBEA-4F98-B9B4-84EACCB95AA2): 0
LogDevObjectVersion:   Dev-Platform (6631380F-2D4D-43E0-8009-CF276956A95A): 0
LogDevObjectVersion:   Dev-Rendering (12F88B9F-8875-4AFC-A67C-D90C383ABD29): 28
LogDevObjectVersion:   Dev-Sequencer (7B5AE74C-D270-4C10-A958-57980B212A5A): 11
LogDevObjectVersion:   Dev-VR (D7296918-1DD6-4BDD-9DE2-64A83CC13884): 2
LogDevObjectVersion:   Dev-LoadTimes (C2A15278-BFE7-4AFE-6C17-90FF531DF755): 1
LogDevObjectVersion:   Private-Geometry (6EACA3D4-40EC-4CC1-B786-8BED09428FC5): 3
LogDevObjectVersion:   Dev-AnimPhys (29E575DD-E0A3-4627-9D10-D276232CDCEA): 17
LogDevObjectVersion:   Dev-Anim (AF43A65D-7FD3-4947-9873-3E8ED9C1BB05): 2
LogDevObjectVersion:   Dev-ReflectionCapture (6B266CEC-1EC7-4B8F-A30B-E4D90942FC07): 1
LogDevObjectVersion:   Dev-Automation (0DF73D61-A23F-47EA-B727-89E90C41499A): 1
LogDevObjectVersion:   FortniteMain (601D1886-AC64-4F84-AA16-D3DE0DEAC7D6): 25
LogDevObjectVersion:   Dev-Enterprise (9DFFBCD6-494F-0158-E221-12823C92A888): 6
LogDevObjectVersion:   Dev-Niagara (F2AED0AC-9AFE-416F-8664-AA7FFA26D6FC): 1
LogDevObjectVersion:   Dev-Destruction (174F1F0B-B4C6-45A5-B13F-2EE8D0FB917D): 2
LogInit: Presizing for max 16777216 objects, including 0 objects not considered by GC, pre-allocating 0 bytes for permanent pool.
LogInit: Object subsystem initialized
LogConfig: Setting CVar [[con.DebugEarlyDefault:1]]
LogConfig: Setting CVar [[r.setres:1280x720]]
[2020.03.04-20.39.02:675][  0]LogConfig: Setting CVar [[r.VSync:0]]
[2020.03.04-20.39.02:675][  0]LogConfig: Setting CVar [[r.RHICmdBypass:0]]
[2020.03.04-20.39.02:675][  0]LogConfig: Applying CVar settings from Section [/Script/Engine.RendererSettings] File [E:/Rage_Rambler/Saved/Config/Windows/Engine.ini]
[2020.03.04-20.39.02:675][  0]LogConfig: Setting CVar [[r.GPUCrashDebugging:0]]
[2020.03.04-20.39.02:675][  0]LogConfig: Setting CVar [[r.MobileHDR:1]]
[2020.03.04-20.39.02:675][  0]LogConfig: Setting CVar [[r.Mobile.DisableVertexFog:1]]
[2020.03.04-20.39.02:675][  0]LogConfig: Setting CVar [[r.Shadow.CSM.MaxMobileCascades:2]]
[2020.03.04-20.39.02:675][  0]LogConfig: Setting CVar [[r.MobileMSAA:1]]
[2020.03.04-20.39.02:675][  0]LogConfig: Setting CVar [[r.Mobile.UseLegacyShadingModel:0]]
[2020.03.04-20.39.02:675][  0]LogConfig: Setting CVar [[r.Mobile.UseHWsRGBEncoding:0]]
[2020.03.04-20.39.02:675][  0]LogConfig: Setting CVar [[r.Mobile.AllowDitheredLODTransition:0]]
[2020.03.04-20.39.02:675][  0]LogConfig: Setting CVar [[r.Mobile.AllowSoftwareOcclusion:0]]
[2020.03.04-20.39.02:675][  0]LogConfig: Setting CVar [[r.DiscardUnusedQuality:0]]
[2020.03.04-20.39.02:675][  0]LogConfig: Setting CVar [[r.AllowOcclusionQueries:1]]
[2020.03.04-20.39.02:675][  0]LogConfig: Setting CVar [[r.MinScreenRadiusForLights:0.030000]]
[2020.03.04-20.39.02:675][  0]LogConfig: Setting CVar [[r.MinScreenRadiusForDepthPrepass:0.030000]]
[2020.03.04-20.39.02:675][  0]LogConfig: Setting CVar [[r.MinScreenRadiusForCSMDepth:0.010000]]
[2020.03.04-20.39.02:675][  0]LogConfig: Setting CVar [[r.PrecomputedVisibilityWarning:0]]
[2020.03.04-20.39.02:675][  0]LogConfig: Setting CVar [[r.TextureStreaming:1]]
[2020.03.04-20.39.02:675][  0]LogConfig: Setting CVar [[Compat.UseDXT5NormalMaps:0]]
[2020.03.04-20.39.02:675][  0]LogConfig: Setting CVar [[r.ClearCoatNormal:0]]
[2020.03.04-20.39.02:675][  0]LogConfig: Setting CVar [[r.ReflectionCaptureResolution:128]]
[2020.03.04-20.39.02:675][  0]LogConfig: Setting CVar [[r.ReflectionEnvironmentLightmapMixBasedOnRoughness:1]]
[2020.03.04-20.39.02:675][  0]LogConfig: Setting CVar [[r.ForwardShading:0]]
[2020.03.04-20.39.02:675][  0]LogConfig: Setting CVar [[r.VertexFoggingForOpaque:1]]
[2020.03.04-20.39.02:675][  0]LogConfig: Setting CVar [[r.AllowStaticLighting:1]]
[2020.03.04-20.39.02:675][  0]LogConfig: Setting CVar [[r.NormalMapsForStaticLighting:0]]
[2020.03.04-20.39.02:675][  0]LogConfig: Setting CVar [[r.GenerateMeshDistanceFields:0]]
[2020.03.04-20.39.02:675][  0]LogConfig: Setting CVar [[r.DistanceFieldBuild.EightBit:0]]
[2020.03.04-20.39.02:675][  0]LogConfig: Setting CVar [[r.GenerateLandscapeGIData:0]]
[2020.03.04-20.39.02:675][  0]LogConfig: Setting CVar [[r.DistanceFieldBuild.Compress:0]]
[2020.03.04-20.39.02:675][  0]LogConfig: Setting CVar [[r.TessellationAdaptivePixelsPerTriangle:48.000000]]
[2020.03.04-20.39.02:675][  0]LogConfig: Setting CVar [[r.SeparateTranslucency:1]]
[2020.03.04-20.39.02:675][  0]LogConfig: Setting CVar [[r.TranslucentSortPolicy:0]]
[2020.03.04-20.39.02:676][  0]LogConfig: Setting CVar [[r.CustomDepth:1]]
[2020.03.04-20.39.02:676][  0]LogConfig: Setting CVar [[r.CustomDepthTemporalAAJitter:1]]
[2020.03.04-20.39.02:676][  0]LogConfig: Setting CVar [[r.PostProcessing.PropagateAlpha:0]]
[2020.03.04-20.39.02:676][  0]LogConfig: Setting CVar [[r.DOF.Algorithm:1]]
[2020.03.04-20.39.02:676][  0]LogConfig: Setting CVar [[r.DefaultFeature.Bloom:1]]
[2020.03.04-20.39.02:676][  0]LogConfig: Setting CVar [[r.DefaultFeature.AmbientOcclusion:1]]
[2020.03.04-20.39.02:676][  0]LogConfig: Setting CVar [[r.DefaultFeature.AmbientOcclusionStaticFraction:1]]
[2020.03.04-20.39.02:676][  0]LogConfig: Setting CVar [[r.DefaultFeature.AutoExposure:0]]
[2020.03.04-20.39.02:676][  0]LogConfig: Setting CVar [[r.DefaultFeature.AutoExposure.Method:0]]
[2020.03.04-20.39.02:676][  0]LogConfig: Setting CVar [[r.DefaultFeature.AutoExposure.ExtendDefaultLuminanceRange:0]]
[2020.03.04-20.39.02:676][  0]LogConfig: Setting CVar [[r.UsePreExposure:0]]
[2020.03.04-20.39.02:676][  0]LogConfig: Setting CVar [[r.DefaultFeature.MotionBlur:0]]
[2020.03.04-20.39.02:676][  0]LogConfig: Setting CVar [[r.DefaultFeature.LensFlare:0]]
[2020.03.04-20.39.02:676][  0]LogConfig: Setting CVar [[r.TemporalAA.Upsampling:0]]
[2020.03.04-20.39.02:676][  0]LogConfig: Setting CVar [[r.DefaultFeature.AntiAliasing:0]]
[2020.03.04-20.39.02:676][  0]LogConfig: Setting CVar [[r.DefaultFeature.LightUnits:1]]
[2020.03.04-20.39.02:676][  0]LogConfig: Setting CVar [[r.DefaultBackBufferPixelFormat:4]]
[2020.03.04-20.39.02:676][  0]LogConfig: Setting CVar [[r.Shadow.UnbuiltPreviewInGame:1]]
[2020.03.04-20.39.02:676][  0]LogConfig: Setting CVar [[r.StencilForLODDither:0]]
[2020.03.04-20.39.02:676][  0]LogConfig: Setting CVar [[r.EarlyZPass:3]]
[2020.03.04-20.39.02:677][  0]LogConfig: Setting CVar [[r.EarlyZPassOnlyMaterialMasking:0]]
[2020.03.04-20.39.02:677][  0]LogConfig: Setting CVar [[r.DBuffer:1]]
[2020.03.04-20.39.02:677][  0]LogConfig: Setting CVar [[r.ClearSceneMethod:1]]
[2020.03.04-20.39.02:677][  0]LogConfig: Setting CVar [[r.BasePassOutputsVelocity:0]]
[2020.03.04-20.39.02:677][  0]LogConfig: Setting CVar [[r.SelectiveBasePassOutputs:0]]
[2020.03.04-20.39.02:677][  0]LogConfig: Setting CVar [[fx.GPUSimulationTextureSizeX:1024]]
[2020.03.04-20.39.02:678][  0]LogConfig: Setting CVar [[fx.GPUSimulationTextureSizeY:1024]]
[2020.03.04-20.39.02:678][  0]LogConfig: Setting CVar [[r.AllowGlobalClipPlane:0]]
[2020.03.04-20.39.02:678][  0]LogConfig: Setting CVar [[r.GBufferFormat:1]]
[2020.03.04-20.39.02:678][  0]LogConfig: Setting CVar [[r.MorphTarget.Mode:1]]
[2020.03.04-20.39.02:678][  0]LogConfig: Setting CVar [[vr.InstancedStereo:0]]
[2020.03.04-20.39.02:678][  0]LogConfig: Setting CVar [[vr.MultiView:0]]
[2020.03.04-20.39.02:678][  0]LogConfig: Setting CVar [[vr.MobileMultiView:0]]
[2020.03.04-20.39.02:678][  0]LogConfig: Setting CVar [[vr.MobileMultiView.Direct:0]]
[2020.03.04-20.39.02:678][  0]LogConfig: Setting CVar [[vr.RoundRobinOcclusion:0]]
[2020.03.04-20.39.02:678][  0]LogConfig: Setting CVar [[vr.ODSCapture:0]]
[2020.03.04-20.39.02:678][  0]LogConfig: Setting CVar [[r.WireframeCullThreshold:5.000000]]
[2020.03.04-20.39.02:678][  0]LogConfig: Setting CVar [[r.RayTracing:0]]
[2020.03.04-20.39.02:678][  0]LogConfig: Setting CVar [[r.SupportStationarySkylight:1]]
[2020.03.04-20.39.02:678][  0]LogConfig: Setting CVar [[r.SupportLowQualityLightmaps:1]]
[2020.03.04-20.39.02:678][  0]LogConfig: Setting CVar [[r.SupportPointLightWholeSceneShadows:1]]
[2020.03.04-20.39.02:678][  0]LogConfig: Setting CVar [[r.SupportAtmosphericFog:1]]
[2020.03.04-20.39.02:678][  0]LogConfig: Setting CVar [[r.SkinCache.CompileShaders:0]]
[2020.03.04-20.39.02:678][  0]LogConfig: Setting CVar [[r.Mobile.EnableStaticAndCSMShadowReceivers:1]]
[2020.03.04-20.39.02:678][  0]LogConfig: Setting CVar [[r.Mobile.EnableMovableLightCSMShaderCulling:1]]
[2020.03.04-20.39.02:678][  0]LogConfig: Setting CVar [[r.Mobile.AllowDistanceFieldShadows:1]]
[2020.03.04-20.39.02:678][  0]LogConfig: Setting CVar [[r.Mobile.AllowMovableDirectionalLights:1]]
[2020.03.04-20.39.02:678][  0]LogConfig: Setting CVar [[r.MobileNumDynamicPointLights:4]]
[2020.03.04-20.39.02:678][  0]LogConfig: Setting CVar [[r.MobileDynamicPointLightsUseStaticBranch:1]]
[2020.03.04-20.39.02:678][  0]LogConfig: Setting CVar [[r.Mobile.EnableMovableSpotlights:0]]
[2020.03.04-20.39.02:678][  0]LogConfig: Setting CVar [[r.SkinCache.SceneMemoryLimitInMB:128.000000]]
[2020.03.04-20.39.02:678][  0]LogConfig: Setting CVar [[r.GPUSkin.Limit2BoneInfluences:0]]
[2020.03.04-20.39.02:678][  0]LogConfig: Setting CVar [[r.SupportDepthOnlyIndexBuffers:1]]
[2020.03.04-20.39.02:678][  0]LogConfig: Setting CVar [[r.SupportReversedIndexBuffers:1]]
[2020.03.04-20.39.02:678][  0]LogConfig: Setting CVar [[r.SupportMaterialLayers:0]]
[2020.03.04-20.39.02:678][  0]LogConfig: Applying CVar settings from Section [/Script/Engine.RendererOverrideSettings] File [E:/Rage_Rambler/Saved/Config/Windows/Engine.ini]
[2020.03.04-20.39.02:678][  0]LogConfig: Applying CVar settings from Section [/Script/Engine.StreamingSettings] File [E:/Rage_Rambler/Saved/Config/Windows/Engine.ini]
[2020.03.04-20.39.02:678][  0]LogConfig: Setting CVar [[s.MinBulkDataSizeForAsyncLoading:131072]]
[2020.03.04-20.39.02:679][  0]LogConfig: Setting CVar [[s.AsyncLoadingThreadEnabled:0]]
[2020.03.04-20.39.02:679][  0]LogConfig: Setting CVar [[s.EventDrivenLoaderEnabled:1]]
[2020.03.04-20.39.02:679][  0]LogConfig: Setting CVar [[s.WarnIfTimeLimitExceeded:0]]
[2020.03.04-20.39.02:679][  0]LogConfig: Setting CVar [[s.TimeLimitExceededMultiplier:1.5]]
[2020.03.04-20.39.02:679][  0]LogConfig: Setting CVar [[s.TimeLimitExceededMinTime:0.005]]
[2020.03.04-20.39.02:679][  0]LogConfig: Setting CVar [[s.UseBackgroundLevelStreaming:1]]
[2020.03.04-20.39.02:679][  0]LogConfig: Setting CVar [[s.PriorityAsyncLoadingExtraTime:15.0]]
[2020.03.04-20.39.02:679][  0]LogConfig: Setting CVar [[s.LevelStreamingActorsUpdateTimeLimit:5.0]]
[2020.03.04-20.39.02:679][  0]LogConfig: Setting CVar [[s.PriorityLevelStreamingActorsUpdateExtraTime:5.0]]
[2020.03.04-20.39.02:679][  0]LogConfig: Setting CVar [[s.LevelStreamingComponentsRegistrationGranularity:10]]
[2020.03.04-20.39.02:679][  0]LogConfig: Setting CVar [[s.UnregisterComponentsTimeLimit:1.0]]
[2020.03.04-20.39.02:679][  0]LogConfig: Setting CVar [[s.LevelStreamingComponentsUnregistrationGranularity:5]]
[2020.03.04-20.39.02:679][  0]LogConfig: Applying CVar settings from Section [/Script/Engine.GarbageCollectionSettings] File [E:/Rage_Rambler/Saved/Config/Windows/Engine.ini]
[2020.03.04-20.39.02:679][  0]LogConfig: Setting CVar [[gc.MaxObjectsNotConsideredByGC:1]]
[2020.03.04-20.39.02:679][  0]LogConfig: Setting CVar [[gc.SizeOfPermanentObjectPool:0]]
[2020.03.04-20.39.02:679][  0]LogConfig: Setting CVar [[gc.FlushStreamingOnGC:0]]
[2020.03.04-20.39.02:679][  0]LogConfig: Setting CVar [[gc.NumRetriesBeforeForcingGC:10]]
[2020.03.04-20.39.02:679][  0]LogConfig: Setting CVar [[gc.AllowParallelGC:1]]
[2020.03.04-20.39.02:679][  0]LogConfig: Setting CVar [[gc.TimeBetweenPurgingPendingKillObjects:61.1]]
[2020.03.04-20.39.02:679][  0]LogConfig: Setting CVar [[gc.MaxObjectsInEditor:16777216]]
[2020.03.04-20.39.02:679][  0]LogConfig: Setting CVar [[gc.IncrementalBeginDestroyEnabled:1]]
[2020.03.04-20.39.02:679][  0]LogConfig: Setting CVar [[gc.CreateGCClusters:1]]
[2020.03.04-20.39.02:679][  0]LogConfig: Setting CVar [[gc.MinGCClusterSize:5]]
[2020.03.04-20.39.02:679][  0]LogConfig: Setting CVar [[gc.ActorClusteringEnabled:0]]
[2020.03.04-20.39.02:679][  0]LogConfig: Setting CVar [[gc.BlueprintClusteringEnabled:0]]
[2020.03.04-20.39.02:679][  0]LogConfig: Setting CVar [[gc.UseDisregardForGCOnDedicatedServers:0]]
[2020.03.04-20.39.02:679][  0]LogConfig: Applying CVar settings from Section [/Script/Engine.NetworkSettings] File [E:/Rage_Rambler/Saved/Config/Windows/Engine.ini]
[2020.03.04-20.39.02:679][  0]LogConfig: Applying CVar settings from Section [/Script/UnrealEd.CookerSettings] File [E:/Rage_Rambler/Saved/Config/Windows/Engine.ini]
[2020.03.04-20.39.02:693][  0]LogConfig: Applying CVar settings from Section [ViewDistanceQuality@3] File [E:/Rage_Rambler/Saved/Config/Windows/Scalability.ini]
[2020.03.04-20.39.02:693][  0]LogConfig: Setting CVar [[r.SkeletalMeshLODBias:0]]
[2020.03.04-20.39.02:693][  0]LogConfig: Setting CVar [[r.ViewDistanceScale:1.0]]
[2020.03.04-20.39.02:693][  0]LogConfig: Applying CVar settings from Section [AntiAliasingQuality@3] File [E:/Rage_Rambler/Saved/Config/Windows/Scalability.ini]
[2020.03.04-20.39.02:693][  0]LogConfig: Setting CVar [[r.PostProcessAAQuality:4]]
[2020.03.04-20.39.02:693][  0]LogConfig: Applying CVar settings from Section [ShadowQuality@3] File [E:/Rage_Rambler/Saved/Config/Windows/Scalability.ini]
[2020.03.04-20.39.02:693][  0]LogConfig: Setting CVar [[r.LightFunctionQuality:1]]
[2020.03.04-20.39.02:693][  0]LogConfig: Setting CVar [[r.ShadowQuality:5]]
[2020.03.04-20.39.02:693][  0]LogConfig: Setting CVar [[r.Shadow.CSM.MaxCascades:10]]
[2020.03.04-20.39.02:693][  0]LogConfig: Setting CVar [[r.Shadow.MaxResolution:2048]]
[2020.03.04-20.39.02:693][  0]LogConfig: Setting CVar [[r.Shadow.MaxCSMResolution:2048]]
[2020.03.04-20.39.02:693][  0]LogConfig: Setting CVar [[r.Shadow.RadiusThreshold:0.01]]
[2020.03.04-20.39.02:693][  0]LogConfig: Setting CVar [[r.Shadow.DistanceScale:1.0]]
[2020.03.04-20.39.02:693][  0]LogConfig: Setting CVar [[r.Shadow.CSM.TransitionScale:1.0]]
[2020.03.04-20.39.02:693][  0]LogConfig: Setting CVar [[r.Shadow.PreShadowResolutionFactor:1.0]]
[2020.03.04-20.39.02:693][  0]LogConfig: Setting CVar [[r.DistanceFieldShadowing:1]]
[2020.03.04-20.39.02:693][  0]LogConfig: Setting CVar [[r.DistanceFieldAO:1]]
[2020.03.04-20.39.02:693][  0]LogConfig: Setting CVar [[r.AOQuality:2]]
[2020.03.04-20.39.02:693][  0]LogConfig: Setting CVar [[r.VolumetricFog:1]]
[2020.03.04-20.39.02:693][  0]LogConfig: Setting CVar [[r.VolumetricFog.GridPixelSize:8]]
[2020.03.04-20.39.02:693][  0]LogConfig: Setting CVar [[r.VolumetricFog.GridSizeZ:128]]
[2020.03.04-20.39.02:693][  0]LogConfig: Setting CVar [[r.VolumetricFog.HistoryMissSupersampleCount:4]]
[2020.03.04-20.39.02:693][  0]LogConfig: Setting CVar [[r.LightMaxDrawDistanceScale:1]]
[2020.03.04-20.39.02:693][  0]LogConfig: Setting CVar [[r.CapsuleShadows:1]]
[2020.03.04-20.39.02:693][  0]LogConfig: Applying CVar settings from Section [PostProcessQuality@3] File [E:/Rage_Rambler/Saved/Config/Windows/Scalability.ini]
[2020.03.04-20.39.02:693][  0]LogConfig: Setting CVar [[r.MotionBlurQuality:4]]
[2020.03.04-20.39.02:694][  0]LogConfig: Setting CVar [[r.AmbientOcclusionMipLevelFactor:0.4]]
[2020.03.04-20.39.02:694][  0]LogConfig: Setting CVar [[r.AmbientOcclusionMaxQuality:100]]
[2020.03.04-20.39.02:694][  0]LogConfig: Setting CVar [[r.AmbientOcclusionLevels:-1]]
[2020.03.04-20.39.02:694][  0]LogConfig: Setting CVar [[r.AmbientOcclusionRadiusScale:1.0]]
[2020.03.04-20.39.02:694][  0]LogConfig: Setting CVar [[r.DepthOfFieldQuality:2]]
[2020.03.04-20.39.02:694][  0]LogConfig: Setting CVar [[r.RenderTargetPoolMin:400]]
[2020.03.04-20.39.02:694][  0]LogConfig: Setting CVar [[r.LensFlareQuality:2]]
[2020.03.04-20.39.02:694][  0]LogConfig: Setting CVar [[r.SceneColorFringeQuality:1]]
[2020.03.04-20.39.02:694][  0]LogConfig: Setting CVar [[r.EyeAdaptationQuality:2]]
[2020.03.04-20.39.02:694][  0]LogConfig: Setting CVar [[r.BloomQuality:5]]
[2020.03.04-20.39.02:694][  0]LogConfig: Setting CVar [[r.FastBlurThreshold:100]]
[2020.03.04-20.39.02:694][  0]LogConfig: Setting CVar [[r.Upscale.Quality:3]]
[2020.03.04-20.39.02:694][  0]LogConfig: Setting CVar [[r.Tonemapper.GrainQuantization:1]]
[2020.03.04-20.39.02:694][  0]LogConfig: Setting CVar [[r.LightShaftQuality:1]]
[2020.03.04-20.39.02:694][  0]LogConfig: Setting CVar [[r.Filter.SizeScale:1]]
[2020.03.04-20.39.02:694][  0]LogConfig: Setting CVar [[r.Tonemapper.Quality:5]]
[2020.03.04-20.39.02:694][  0]LogConfig: Setting CVar [[r.DOF.Gather.AccumulatorQuality:1        ; higher gathering accumulator quality]]
[2020.03.04-20.39.02:694][  0]LogConfig: Setting CVar [[r.DOF.Gather.PostfilterMethod:1          ; Median3x3 postfilering method]]
[2020.03.04-20.39.02:694][  0]LogConfig: Setting CVar [[r.DOF.Gather.EnableBokehSettings:0       ; no bokeh simulation when gathering]]
[2020.03.04-20.39.02:694][  0]LogConfig: Setting CVar [[r.DOF.Gather.RingCount:4                 ; medium number of samples when gathering]]
[2020.03.04-20.39.02:694][  0]LogConfig: Setting CVar [[r.DOF.Scatter.ForegroundCompositing:1    ; additive foreground scattering]]
[2020.03.04-20.39.02:694][  0]LogConfig: Setting CVar [[r.DOF.Scatter.BackgroundCompositing:2    ; additive background scattering]]
[2020.03.04-20.39.02:694][  0]LogConfig: Setting CVar [[r.DOF.Scatter.EnableBokehSettings:1      ; bokeh simulation when scattering]]
[2020.03.04-20.39.02:694][  0]LogConfig: Setting CVar [[r.DOF.Scatter.MaxSpriteRatio:0.1         ; only a maximum of 10% of scattered bokeh]]
[2020.03.04-20.39.02:694][  0]LogConfig: Setting CVar [[r.DOF.Recombine.Quality:1                ; cheap slight out of focus]]
[2020.03.04-20.39.02:694][  0]LogConfig: Setting CVar [[r.DOF.Recombine.EnableBokehSettings:0    ; no bokeh simulation on slight out of focus]]
[2020.03.04-20.39.02:694][  0]LogConfig: Setting CVar [[r.DOF.TemporalAAQuality:1                ; more stable temporal accumulation]]
[2020.03.04-20.39.02:694][  0]LogConfig: Setting CVar [[r.DOF.Kernel.MaxForegroundRadius:0.025]]
[2020.03.04-20.39.02:694][  0]LogConfig: Setting CVar [[r.DOF.Kernel.MaxBackgroundRadius:0.025]]
[2020.03.04-20.39.02:694][  0]LogConfig: Applying CVar settings from Section [TextureQuality@3] File [E:/Rage_Rambler/Saved/Config/Windows/Scalability.ini]
[2020.03.04-20.39.02:694][  0]LogConfig: Setting CVar [[r.Streaming.MipBias:0]]
[2020.03.04-20.39.02:695][  0]LogConfig: Setting CVar [[r.Streaming.AmortizeCPUToGPUCopy:0]]
[2020.03.04-20.39.02:695][  0]LogConfig: Setting CVar [[r.Streaming.MaxNumTexturesToStreamPerFrame:0]]
[2020.03.04-20.39.02:695][  0]LogConfig: Setting CVar [[r.Streaming.Boost:1]]
[2020.03.04-20.39.02:695][  0]LogConfig: Setting CVar [[r.MaxAnisotropy:8]]
[2020.03.04-20.39.02:695][  0]LogConfig: Setting CVar [[r.Streaming.LimitPoolSizeToVRAM:0]]
[2020.03.04-20.39.02:695][  0]LogConfig: Setting CVar [[r.Streaming.PoolSize:1000]]
[2020.03.04-20.39.02:695][  0]LogConfig: Setting CVar [[r.Streaming.MaxEffectiveScreenSize:0]]
[2020.03.04-20.39.02:695][  0]LogConfig: Applying CVar settings from Section [EffectsQuality@3] File [E:/Rage_Rambler/Saved/Config/Windows/Scalability.ini]
[2020.03.04-20.39.02:695][  0]LogConfig: Setting CVar [[r.TranslucencyLightingVolumeDim:64]]
[2020.03.04-20.39.02:695][  0]LogConfig: Setting CVar [[r.RefractionQuality:2]]
[2020.03.04-20.39.02:695][  0]LogConfig: Setting CVar [[r.SSR.Quality:3]]
[2020.03.04-20.39.02:695][  0]LogConfig: Setting CVar [[r.SceneColorFormat:4]]
[2020.03.04-20.39.02:695][  0]LogConfig: Setting CVar [[r.DetailMode:2]]
[2020.03.04-20.39.02:695][  0]LogConfig: Setting CVar [[r.TranslucencyVolumeBlur:1]]
[2020.03.04-20.39.02:695][  0]LogConfig: Setting CVar [[r.MaterialQualityLevel:1 ; High quality]]
[2020.03.04-20.39.02:695][  0]LogConfig: Setting CVar [[r.SSS.Scale:1]]
[2020.03.04-20.39.02:695][  0]LogConfig: Setting CVar [[r.SSS.SampleSet:2]]
[2020.03.04-20.39.02:695][  0]LogConfig: Setting CVar [[r.SSS.Quality:1]]
[2020.03.04-20.39.02:695][  0]LogConfig: Setting CVar [[r.SSS.HalfRes:1]]
[2020.03.04-20.39.02:695][  0]LogConfig: Setting CVar [[r.EmitterSpawnRateScale:1.0]]
[2020.03.04-20.39.02:695][  0]LogConfig: Setting CVar [[r.ParticleLightQuality:2]]
[2020.03.04-20.39.02:695][  0]LogConfig: Applying CVar settings from Section [FoliageQuality@3] File [E:/Rage_Rambler/Saved/Config/Windows/Scalability.ini]
[2020.03.04-20.39.02:695][  0]LogConfig: Setting CVar [[foliage.DensityScale:1.0]]
[2020.03.04-20.39.02:695][  0]LogConfig: Setting CVar [[grass.DensityScale:1.0]]
[2020.03.04-20.39.02:696][  0]LogInit: Selected Device Profile: [Windows]
[2020.03.04-20.39.02:696][  0]LogInit: Applying CVar settings loaded from the selected device profile: [Windows]
[2020.03.04-20.39.02:744][  0]LogHAL: Display: Platform has ~ 32 GB [33990602752 / 34359738368 / 32], which maps to Largest [LargestMinGB=32, LargerMinGB=12, DefaultMinGB=8, SmallerMinGB=6, SmallestMinGB=0)
[2020.03.04-20.39.02:744][  0]LogConfig: Setting CVar [[r.Vulkan.UseRealUBs:0		; Required until we fix HLR fall-out]]
[2020.03.04-20.39.02:744][  0]LogInit: Going up to parent DeviceProfile []
[2020.03.04-20.39.02:745][  0]LogConfig: Applying CVar settings from Section [ViewDistanceQuality@3] File [E:/Rage_Rambler/Saved/Config/Windows/Scalability.ini]
[2020.03.04-20.39.02:745][  0]LogConfig: Setting CVar [[r.SkeletalMeshLODBias:0]]
[2020.03.04-20.39.02:745][  0]LogConfig: Setting CVar [[r.ViewDistanceScale:1.0]]
[2020.03.04-20.39.02:745][  0]LogConfig: Applying CVar settings from Section [AntiAliasingQuality@3] File [E:/Rage_Rambler/Saved/Config/Windows/Scalability.ini]
[2020.03.04-20.39.02:745][  0]LogConfig: Setting CVar [[r.PostProcessAAQuality:4]]
[2020.03.04-20.39.02:745][  0]LogConfig: Applying CVar settings from Section [ShadowQuality@3] File [E:/Rage_Rambler/Saved/Config/Windows/Scalability.ini]
[2020.03.04-20.39.02:745][  0]LogConfig: Setting CVar [[r.LightFunctionQuality:1]]
[2020.03.04-20.39.02:745][  0]LogConfig: Setting CVar [[r.ShadowQuality:5]]
[2020.03.04-20.39.02:745][  0]LogConfig: Setting CVar [[r.Shadow.CSM.MaxCascades:10]]
[2020.03.04-20.39.02:745][  0]LogConfig: Setting CVar [[r.Shadow.MaxResolution:2048]]
[2020.03.04-20.39.02:745][  0]LogConfig: Setting CVar [[r.Shadow.MaxCSMResolution:2048]]
[2020.03.04-20.39.02:745][  0]LogConfig: Setting CVar [[r.Shadow.RadiusThreshold:0.01]]
[2020.03.04-20.39.02:745][  0]LogConfig: Setting CVar [[r.Shadow.DistanceScale:1.0]]
[2020.03.04-20.39.02:745][  0]LogConfig: Setting CVar [[r.Shadow.CSM.TransitionScale:1.0]]
[2020.03.04-20.39.02:745][  0]LogConfig: Setting CVar [[r.Shadow.PreShadowResolutionFactor:1.0]]
[2020.03.04-20.39.02:745][  0]LogConfig: Setting CVar [[r.DistanceFieldShadowing:1]]
[2020.03.04-20.39.02:745][  0]LogConfig: Setting CVar [[r.DistanceFieldAO:1]]
[2020.03.04-20.39.02:745][  0]LogConfig: Setting CVar [[r.AOQuality:2]]
[2020.03.04-20.39.02:745][  0]LogConfig: Setting CVar [[r.VolumetricFog:1]]
[2020.03.04-20.39.02:745][  0]LogConfig: Setting CVar [[r.VolumetricFog.GridPixelSize:8]]
[2020.03.04-20.39.02:745][  0]LogConfig: Setting CVar [[r.VolumetricFog.GridSizeZ:128]]
[2020.03.04-20.39.02:745][  0]LogConfig: Setting CVar [[r.VolumetricFog.HistoryMissSupersampleCount:4]]
[2020.03.04-20.39.02:745][  0]LogConfig: Setting CVar [[r.LightMaxDrawDistanceScale:1]]
[2020.03.04-20.39.02:745][  0]LogConfig: Setting CVar [[r.CapsuleShadows:1]]
[2020.03.04-20.39.02:745][  0]LogConfig: Applying CVar settings from Section [PostProcessQuality@3] File [E:/Rage_Rambler/Saved/Config/Windows/Scalability.ini]
[2020.03.04-20.39.02:745][  0]LogConfig: Setting CVar [[r.MotionBlurQuality:4]]
[2020.03.04-20.39.02:745][  0]LogConfig: Setting CVar [[r.AmbientOcclusionMipLevelFactor:0.4]]
[2020.03.04-20.39.02:745][  0]LogConfig: Setting CVar [[r.AmbientOcclusionMaxQuality:100]]
[2020.03.04-20.39.02:745][  0]LogConfig: Setting CVar [[r.AmbientOcclusionLevels:-1]]
[2020.03.04-20.39.02:745][  0]LogConfig: Setting CVar [[r.AmbientOcclusionRadiusScale:1.0]]
[2020.03.04-20.39.02:745][  0]LogConfig: Setting CVar [[r.DepthOfFieldQuality:2]]
[2020.03.04-20.39.02:745][  0]LogConfig: Setting CVar [[r.RenderTargetPoolMin:400]]
[2020.03.04-20.39.02:745][  0]LogConfig: Setting CVar [[r.LensFlareQuality:2]]
[2020.03.04-20.39.02:745][  0]LogConfig: Setting CVar [[r.SceneColorFringeQuality:1]]
[2020.03.04-20.39.02:745][  0]LogConfig: Setting CVar [[r.EyeAdaptationQuality:2]]
[2020.03.04-20.39.02:745][  0]LogConfig: Setting CVar [[r.BloomQuality:5]]
[2020.03.04-20.39.02:745][  0]LogConfig: Setting CVar [[r.FastBlurThreshold:100]]
[2020.03.04-20.39.02:745][  0]LogConfig: Setting CVar [[r.Upscale.Quality:3]]
[2020.03.04-20.39.02:745][  0]LogConfig: Setting CVar [[r.Tonemapper.GrainQuantization:1]]
[2020.03.04-20.39.02:745][  0]LogConfig: Setting CVar [[r.LightShaftQuality:1]]
[2020.03.04-20.39.02:745][  0]LogConfig: Setting CVar [[r.Filter.SizeScale:1]]
[2020.03.04-20.39.02:745][  0]LogConfig: Setting CVar [[r.Tonemapper.Quality:5]]
[2020.03.04-20.39.02:745][  0]LogConfig: Setting CVar [[r.DOF.Gather.AccumulatorQuality:1        ; higher gathering accumulator quality]]
[2020.03.04-20.39.02:745][  0]LogConfig: Setting CVar [[r.DOF.Gather.PostfilterMethod:1          ; Median3x3 postfilering method]]
[2020.03.04-20.39.02:745][  0]LogConfig: Setting CVar [[r.DOF.Gather.EnableBokehSettings:0       ; no bokeh simulation when gathering]]
[2020.03.04-20.39.02:745][  0]LogConfig: Setting CVar [[r.DOF.Gather.RingCount:4                 ; medium number of samples when gathering]]
[2020.03.04-20.39.02:745][  0]LogConfig: Setting CVar [[r.DOF.Scatter.ForegroundCompositing:1    ; additive foreground scattering]]
[2020.03.04-20.39.02:745][  0]LogConfig: Setting CVar [[r.DOF.Scatter.BackgroundCompositing:2    ; additive background scattering]]
[2020.03.04-20.39.02:746][  0]LogConfig: Setting CVar [[r.DOF.Scatter.EnableBokehSettings:1      ; bokeh simulation when scattering]]
[2020.03.04-20.39.02:746][  0]LogConfig: Setting CVar [[r.DOF.Scatter.MaxSpriteRatio:0.1         ; only a maximum of 10% of scattered bokeh]]
[2020.03.04-20.39.02:746][  0]LogConfig: Setting CVar [[r.DOF.Recombine.Quality:1                ; cheap slight out of focus]]
[2020.03.04-20.39.02:746][  0]LogConfig: Setting CVar [[r.DOF.Recombine.EnableBokehSettings:0    ; no bokeh simulation on slight out of focus]]
[2020.03.04-20.39.02:746][  0]LogConfig: Setting CVar [[r.DOF.TemporalAAQuality:1                ; more stable temporal accumulation]]
[2020.03.04-20.39.02:746][  0]LogConfig: Setting CVar [[r.DOF.Kernel.MaxForegroundRadius:0.025]]
[2020.03.04-20.39.02:746][  0]LogConfig: Setting CVar [[r.DOF.Kernel.MaxBackgroundRadius:0.025]]
[2020.03.04-20.39.02:746][  0]LogConfig: Applying CVar settings from Section [TextureQuality@3] File [E:/Rage_Rambler/Saved/Config/Windows/Scalability.ini]
[2020.03.04-20.39.02:746][  0]LogConfig: Setting CVar [[r.Streaming.MipBias:0]]
[2020.03.04-20.39.02:746][  0]LogConfig: Setting CVar [[r.Streaming.AmortizeCPUToGPUCopy:0]]
[2020.03.04-20.39.02:746][  0]LogConfig: Setting CVar [[r.Streaming.MaxNumTexturesToStreamPerFrame:0]]
[2020.03.04-20.39.02:746][  0]LogConfig: Setting CVar [[r.Streaming.Boost:1]]
[2020.03.04-20.39.02:746][  0]LogConfig: Setting CVar [[r.MaxAnisotropy:8]]
[2020.03.04-20.39.02:746][  0]LogConfig: Setting CVar [[r.Streaming.LimitPoolSizeToVRAM:0]]
[2020.03.04-20.39.02:746][  0]LogConfig: Setting CVar [[r.Streaming.PoolSize:1000]]
[2020.03.04-20.39.02:746][  0]LogConfig: Setting CVar [[r.Streaming.MaxEffectiveScreenSize:0]]
[2020.03.04-20.39.02:746][  0]LogConfig: Applying CVar settings from Section [EffectsQuality@3] File [E:/Rage_Rambler/Saved/Config/Windows/Scalability.ini]
[2020.03.04-20.39.02:746][  0]LogConfig: Setting CVar [[r.TranslucencyLightingVolumeDim:64]]
[2020.03.04-20.39.02:746][  0]LogConfig: Setting CVar [[r.RefractionQuality:2]]
[2020.03.04-20.39.02:746][  0]LogConfig: Setting CVar [[r.SSR.Quality:3]]
[2020.03.04-20.39.02:746][  0]LogConfig: Setting CVar [[r.SceneColorFormat:4]]
[2020.03.04-20.39.02:746][  0]LogConfig: Setting CVar [[r.DetailMode:2]]
[2020.03.04-20.39.02:746][  0]LogConfig: Setting CVar [[r.TranslucencyVolumeBlur:1]]
[2020.03.04-20.39.02:746][  0]LogConfig: Setting CVar [[r.MaterialQualityLevel:1 ; High quality]]
[2020.03.04-20.39.02:746][  0]LogConfig: Setting CVar [[r.SSS.Scale:1]]
[2020.03.04-20.39.02:746][  0]LogConfig: Setting CVar [[r.SSS.SampleSet:2]]
[2020.03.04-20.39.02:746][  0]LogConfig: Setting CVar [[r.SSS.Quality:1]]
[2020.03.04-20.39.02:746][  0]LogConfig: Setting CVar [[r.SSS.HalfRes:1]]
[2020.03.04-20.39.02:746][  0]LogConfig: Setting CVar [[r.EmitterSpawnRateScale:1.0]]
[2020.03.04-20.39.02:746][  0]LogConfig: Setting CVar [[r.ParticleLightQuality:2]]
[2020.03.04-20.39.02:746][  0]LogConfig: Applying CVar settings from Section [FoliageQuality@3] File [E:/Rage_Rambler/Saved/Config/Windows/Scalability.ini]
[2020.03.04-20.39.02:746][  0]LogConfig: Setting CVar [[foliage.DensityScale:1.0]]
[2020.03.04-20.39.02:746][  0]LogConfig: Setting CVar [[grass.DensityScale:1.0]]
[2020.03.04-20.39.02:746][  0]LogConfig: Applying CVar settings from Section [Startup] File [../../../Engine/Config/ConsoleVariables.ini]
[2020.03.04-20.39.02:752][  0]LogConfig: Setting CVar [[net.UseAdaptiveNetUpdateFrequency:0]]
[2020.03.04-20.39.02:752][  0]LogConfig: Setting CVar [[p.chaos.AllowCreatePhysxBodies:1]]
[2020.03.04-20.39.02:752][  0]LogConfig: Applying CVar settings from Section [ConsoleVariables] File [E:/Rage_Rambler/Saved/Config/Windows/Engine.ini]
[2020.03.04-20.39.02:752][  0]LogInit: Computer: EN304-22229
[2020.03.04-20.39.02:752][  0]LogInit: User: johnsong22
[2020.03.04-20.39.02:752][  0]LogInit: CPU Page size=4096, Cores=4
[2020.03.04-20.39.02:752][  0]LogInit: High frequency timer resolution =3.515624 MHz
[2020.03.04-20.39.02:753][  0]LogMemory: Memory total: Physical=31.7GB (32GB approx)
[2020.03.04-20.39.02:753][  0]LogMemory: Platform Memory Stats for Windows
[2020.03.04-20.39.02:753][  0]LogMemory: Process Physical Memory: 96.25 MB used, 96.25 MB peak
[2020.03.04-20.39.02:753][  0]LogMemory: Process Virtual Memory: 88.91 MB used, 88.91 MB peak
[2020.03.04-20.39.02:753][  0]LogMemory: Physical Memory: 8623.55 MB used,  23792.41 MB free, 32415.96 MB total
[2020.03.04-20.39.02:753][  0]LogMemory: Virtual Memory: 4653.84 MB used,  134213072.00 MB free, 134217728.00 MB total
[2020.03.04-20.39.03:028][  0]LogInit: Using OS detected language (en-US).
[2020.03.04-20.39.03:028][  0]LogInit: Using OS detected locale (en-US).
[2020.03.04-20.39.03:029][  0]LogTextLocalizationManager: No specific localization for 'en-US' exists, so the 'en' localization will be used.
[2020.03.04-20.39.03:310][  0]LogInit: Setting process to per monitor DPI aware
[2020.03.04-20.39.03:390][  0]LogSlate: New Slate User Created.  User Index 0, Is Virtual User: 0
[2020.03.04-20.39.03:390][  0]LogSlate: Slate User Registered.  User Index 0, Is Virtual User: 0
[2020.03.04-20.39.05:664][  0]LogHMD: Failed to initialize OpenVR with code 110
[2020.03.04-20.39.05:664][  0]LogD3D11RHI: D3D11 adapters:
[2020.03.04-20.39.05:723][  0]LogD3D11RHI:    0. 'NVIDIA GeForce RTX 2070' (Feature Level 11_0)
[2020.03.04-20.39.05:723][  0]LogD3D11RHI:       8031/0/16207 MB DedicatedVideo/DedicatedSystem/SharedSystem, Outputs:2, VendorId:0x10de
[2020.03.04-20.39.05:725][  0]LogD3D11RHI:    1. 'Microsoft Basic Render Driver' (Feature Level 11_0)
[2020.03.04-20.39.05:725][  0]LogD3D11RHI:       0/0/16207 MB DedicatedVideo/DedicatedSystem/SharedSystem, Outputs:0, VendorId:0x1414
[2020.03.04-20.39.05:725][  0]LogD3D11RHI: Chosen D3D11 Adapter: 0
[2020.03.04-20.39.05:732][  0]LogD3D11RHI: Creating new Direct3DDevice
[2020.03.04-20.39.05:732][  0]LogD3D11RHI:     GPU DeviceId: 0x1f07 (for the marketing name, search the web for "GPU Device Id")
[2020.03.04-20.39.05:732][  0]LogWindows: EnumDisplayDevices:
[2020.03.04-20.39.05:732][  0]LogWindows:    0. 'NVIDIA GeForce RTX 2070' (P:0 D:1)
[2020.03.04-20.39.05:732][  0]LogWindows:    1. 'NVIDIA GeForce RTX 2070' (P:1 D:1)
[2020.03.04-20.39.05:732][  0]LogWindows:    2. 'NVIDIA GeForce RTX 2070' (P:0 D:0)
[2020.03.04-20.39.05:732][  0]LogWindows:    3. 'NVIDIA GeForce RTX 2070' (P:0 D:0)
[2020.03.04-20.39.05:732][  0]LogWindows: DebugString: FoundDriverCount:4 
[2020.03.04-20.39.05:732][  0]LogD3D11RHI:     Adapter Name: NVIDIA GeForce RTX 2070
[2020.03.04-20.39.05:732][  0]LogD3D11RHI:   Driver Version: 416.34 (internal:25.21.14.1634, unified:416.34)
[2020.03.04-20.39.05:732][  0]LogD3D11RHI:      Driver Date: 10-10-2018
[2020.03.04-20.39.05:732][  0]LogRHI: Texture pool is 5621 MB (70% of 8031 MB)
[2020.03.04-20.39.05:769][  0]LogD3D11RHI: Async texture creation enabled
[2020.03.04-20.39.05:777][  0]LogRendererCore: FGlobalReadBuffer::InitRHI
[2020.03.04-20.39.05:778][  0]LogRendererCore: FGlobalReadBuffer::InitRHI
[2020.03.04-20.39.05:778][  0]LogRendererCore: FGlobalReadBuffer::InitRHI
[2020.03.04-20.39.05:792][  0]LogD3D11RHI: GPU Timing Frequency: 1000.000000 (Debug: 2 2)
[2020.03.04-20.39.06:476][  0]LogTemp: Display: Module 'AllDesktopTargetPlatform' loaded TargetPlatform 'AllDesktop'
[2020.03.04-20.39.06:490][  0]LogTemp: Display: Module 'MacClientTargetPlatform' loaded TargetPlatform 'MacClient'
[2020.03.04-20.39.06:503][  0]LogTemp: Display: Module 'MacNoEditorTargetPlatform' loaded TargetPlatform 'MacNoEditor'
[2020.03.04-20.39.06:515][  0]LogTemp: Display: Module 'MacServerTargetPlatform' loaded TargetPlatform 'MacServer'
[2020.03.04-20.39.06:535][  0]LogTemp: Display: Module 'MacTargetPlatform' loaded TargetPlatform 'Mac'
[2020.03.04-20.39.06:549][  0]LogTemp: Display: Module 'WindowsClientTargetPlatform' loaded TargetPlatform 'WindowsClient'
[2020.03.04-20.39.06:562][  0]LogTemp: Display: Module 'WindowsNoEditorTargetPlatform' loaded TargetPlatform 'WindowsNoEditor'
[2020.03.04-20.39.06:583][  0]LogTemp: Display: Module 'WindowsServerTargetPlatform' loaded TargetPlatform 'WindowsServer'
[2020.03.04-20.39.06:591][  0]LogTemp: Display: Module 'WindowsTargetPlatform' loaded TargetPlatform 'Windows'
[2020.03.04-20.39.06:684][  0]LogTemp: Display: Module 'AndroidTargetPlatform' loaded TargetPlatform 'Android'
[2020.03.04-20.39.06:684][  0]LogTemp: Display: Module 'AndroidTargetPlatform' loaded TargetPlatform 'Android_ASTC'
[2020.03.04-20.39.06:684][  0]LogTemp: Display: Module 'AndroidTargetPlatform' loaded TargetPlatform 'Android_ATC'
[2020.03.04-20.39.06:684][  0]LogTemp: Display: Module 'AndroidTargetPlatform' loaded TargetPlatform 'Android_DXT'
[2020.03.04-20.39.06:684][  0]LogTemp: Display: Module 'AndroidTargetPlatform' loaded TargetPlatform 'Android_ETC1'
[2020.03.04-20.39.06:684][  0]LogTemp: Display: Module 'AndroidTargetPlatform' loaded TargetPlatform 'Android_ETC1a'
[2020.03.04-20.39.06:684][  0]LogTemp: Display: Module 'AndroidTargetPlatform' loaded TargetPlatform 'Android_ETC2'
[2020.03.04-20.39.06:684][  0]LogTemp: Display: Module 'AndroidTargetPlatform' loaded TargetPlatform 'Android_PVRTC'
[2020.03.04-20.39.06:684][  0]LogTemp: Display: Module 'AndroidTargetPlatform' loaded TargetPlatform 'AndroidClient'
[2020.03.04-20.39.06:684][  0]LogTemp: Display: Module 'AndroidTargetPlatform' loaded TargetPlatform 'Android_ASTCClient'
[2020.03.04-20.39.06:684][  0]LogTemp: Display: Module 'AndroidTargetPlatform' loaded TargetPlatform 'Android_ATCClient'
[2020.03.04-20.39.06:684][  0]LogTemp: Display: Module 'AndroidTargetPlatform' loaded TargetPlatform 'Android_DXTClient'
[2020.03.04-20.39.06:684][  0]LogTemp: Display: Module 'AndroidTargetPlatform' loaded TargetPlatform 'Android_ETC1Client'
[2020.03.04-20.39.06:684][  0]LogTemp: Display: Module 'AndroidTargetPlatform' loaded TargetPlatform 'Android_ETC1aClient'
[2020.03.04-20.39.06:684][  0]LogTemp: Display: Module 'AndroidTargetPlatform' loaded TargetPlatform 'Android_ETC2Client'
[2020.03.04-20.39.06:684][  0]LogTemp: Display: Module 'AndroidTargetPlatform' loaded TargetPlatform 'Android_PVRTCClient'
[2020.03.04-20.39.06:684][  0]LogTemp: Display: Module 'AndroidTargetPlatform' loaded TargetPlatform 'Android_Multi'
[2020.03.04-20.39.06:684][  0]LogTemp: Display: Module 'AndroidTargetPlatform' loaded TargetPlatform 'Android_MultiClient'
[2020.03.04-20.39.06:687][  0]LogTemp: Display: Module 'HTML5TargetPlatform' loaded TargetPlatform 'HTML5'
[2020.03.04-20.39.06:769][  0]LogTemp: Display: Module 'IOSTargetPlatform' loaded TargetPlatform 'IOSClient'
[2020.03.04-20.39.06:769][  0]LogTemp: Display: Module 'IOSTargetPlatform' loaded TargetPlatform 'IOS'
[2020.03.04-20.39.06:790][  0]LogTemp: Display: Module 'TVOSTargetPlatform' loaded TargetPlatform 'TVOSClient'
[2020.03.04-20.39.06:790][  0]LogTemp: Display: Module 'TVOSTargetPlatform' loaded TargetPlatform 'TVOS'
[2020.03.04-20.39.06:802][  0]LogTemp: Display: Module 'LinuxClientTargetPlatform' loaded TargetPlatform 'LinuxClient'
[2020.03.04-20.39.06:815][  0]LogTemp: Display: Module 'LinuxNoEditorTargetPlatform' loaded TargetPlatform 'LinuxNoEditor'
[2020.03.04-20.39.06:827][  0]LogTemp: Display: Module 'LinuxServerTargetPlatform' loaded TargetPlatform 'LinuxServer'
[2020.03.04-20.39.06:861][  0]LogTemp: Display: Module 'LinuxTargetPlatform' loaded TargetPlatform 'Linux'
[2020.03.04-20.39.06:906][  0]LogTemp: Display: Module 'LuminTargetPlatform' loaded TargetPlatform 'Lumin'
[2020.03.04-20.39.06:906][  0]LogTemp: Display: Module 'LuminTargetPlatform' loaded TargetPlatform 'LuminClient'
[2020.03.04-20.39.06:906][  0]LogTargetPlatformManager: Display: Building Assets For Windows
[2020.03.04-20.39.06:967][  0]LogAudioDebug: Display: Lib vorbis DLL was dynamically loaded.
[2020.03.04-20.39.07:085][  0]LogShaderCompilers: Guid format shader working directory is 35 characters bigger than the processId version (E:/Rage_Rambler/Intermediate/Shaders/WorkingDirectory/11260/).
[2020.03.04-20.39.07:085][  0]LogShaderCompilers: Cleaned the shader compiler working directory 'C:/Users/johnsong22/AppData/Local/Temp/UnrealShaderWorkingDir/FCFFCE714E9FD6C931F069A47236323D/'.
[2020.03.04-20.39.07:088][  0]LogXGEController: Cleaning working directory: C:/Users/johnsong22/AppData/Local/Temp/UnrealXGEWorkingDir/
[2020.03.04-20.39.07:088][  0]LogXGEController: Cannot use XGE Controller as Incredibuild is not installed on this machine.
[2020.03.04-20.39.07:088][  0]LogShaderCompilers: Cannot use XGE Shader Compiler as Incredibuild is not installed on this machine.
[2020.03.04-20.39.07:088][  0]LogShaderCompilers: Display: Using Local Shader Compiler.
[2020.03.04-20.39.09:244][  0]LogDerivedDataCache: Display: Max Cache Size: 512 MB
[2020.03.04-20.39.09:338][  0]LogDerivedDataCache: Loaded boot cache 0.09s 73MB C:/Users/johnsong22/AppData/Local/UnrealEngine/4.22/DerivedDataCache/Boot.ddc.
[2020.03.04-20.39.09:338][  0]LogDerivedDataCache: Display: Loaded Boot cache: C:/Users/johnsong22/AppData/Local/UnrealEngine/4.22/DerivedDataCache/Boot.ddc
[2020.03.04-20.39.09:338][  0]LogDerivedDataCache: FDerivedDataBackendGraph:  Pak pak cache file E:/Rage_Rambler/DerivedDataCache/DDC.ddp not found, will not use a pak cache.
[2020.03.04-20.39.09:338][  0]LogDerivedDataCache: Unable to find inner node Pak for hierarchical cache Hierarchy.
[2020.03.04-20.39.09:338][  0]LogDerivedDataCache: FDerivedDataBackendGraph:  CompressedPak pak cache file E:/Rage_Rambler/DerivedDataCache/Compressed.ddp not found, will not use a pak cache.
[2020.03.04-20.39.09:338][  0]LogDerivedDataCache: Unable to find inner node CompressedPak for hierarchical cache Hierarchy.
[2020.03.04-20.39.09:363][  0]LogDerivedDataCache: Display: Pak cache opened for reading ../../../Engine/DerivedDataCache/Compressed.ddp.
[2020.03.04-20.39.09:363][  0]LogDerivedDataCache: FDerivedDataBackendGraph:  EnterprisePak pak cache file ../../../Enterprise/DerivedDataCache/Compressed.ddp not found, will not use a pak cache.
[2020.03.04-20.39.09:363][  0]LogDerivedDataCache: Unable to find inner node EnterprisePak for hierarchical cache Hierarchy.
[2020.03.04-20.39.09:375][  0]LogDerivedDataCache: Using Local data cache path C:/Users/johnsong22/AppData/Local/UnrealEngine/Common/DerivedDataCache: Writable
[2020.03.04-20.39.09:375][  0]LogDerivedDataCache: Shared data cache path not found in *engine.ini, will not use an Shared cache.
[2020.03.04-20.39.09:375][  0]LogDerivedDataCache: Unable to find inner node Shared for hierarchical cache Hierarchy.
[2020.03.04-20.39.09:398][  0]LogMaterial: Verifying Global Shaders for PCD3D_SM5
[2020.03.04-20.39.09:404][  0]LogSlate: Using FreeType 2.6.0
[2020.03.04-20.39.09:420][  0]LogSlate: SlateFontServices - WITH_FREETYPE: 1, WITH_HARFBUZZ: 1
[2020.03.04-20.39.09:693][  0]LogAssetRegistry: FAssetRegistry took 0.0364 seconds to start up
[2020.03.04-20.39.10:064][  0]LogInit: Selected Device Profile: [Windows]
[2020.03.04-20.39.10:331][  0]LogMeshReduction: Using QuadricMeshReduction for automatic static mesh reduction
[2020.03.04-20.39.10:331][  0]LogMeshReduction: Using SimplygonMeshReduction for automatic skeletal mesh reduction
[2020.03.04-20.39.10:331][  0]LogMeshReduction: Using ProxyLODMeshReduction for automatic mesh merging
[2020.03.04-20.39.10:331][  0]LogMeshReduction: No distributed automatic mesh merging module available
[2020.03.04-20.39.10:331][  0]LogMeshMerging: No distributed automatic mesh merging module available
[2020.03.04-20.39.10:388][  0]LogNetVersion: Rage_Rambler 1.0.0, NetCL: 5660361, EngineNetVer: 10, GameNetVer: 0 (Checksum: 3172538074)
[2020.03.04-20.39.11:491][  0]LogPackageLocalizationCache: Processed 10 localized package path(s) for 1 prioritized culture(s) in 0.044192 seconds
[2020.03.04-20.39.11:499][  0]LogUObjectArray: 42205 objects as part of root set at end of initial load.
[2020.03.04-20.39.11:499][  0]LogUObjectAllocator: 7325032 out of 0 bytes used by permanent object pool.
[2020.03.04-20.39.11:499][  0]LogUObjectArray: CloseDisregardForGC: 0/0 objects in disregard for GC pool
[2020.03.04-20.39.14:537][  0]LogTcpMessaging: Initializing TcpMessaging bridge
[2020.03.04-20.39.14:554][  0]LogUdpMessaging: Initializing bridge on interface 0.0.0.0:0 to multicast group 230.0.0.1:6666.
[2020.03.04-20.39.14:725][  0]SourceControl: Source control is disabled
[2020.03.04-20.39.15:718][  0]LogAndroidPermission: UAndroidPermissionCallbackProxy::GetInstance
[2020.03.04-20.39.15:823][  0]LogOcInput: OculusInput pre-init called
[2020.03.04-20.39.16:645][  0]LogEngine: Initializing Engine...
[2020.03.04-20.39.16:646][  0]LogHMD: Failed to initialize OpenVR with code 110
[2020.03.04-20.39.16:648][  0]LogStats: UGameplayTagsManager::InitializeManager -  0.001 s
[2020.03.04-20.39.17:042][  0]LogInit: Initializing FReadOnlyCVARCache
[2020.03.04-20.39.17:069][  0]LogAIModule: Creating AISystem for world Untitled
[2020.03.04-20.39.17:093][  0]LogInit: XAudio2 using 'Speakers (2- Realtek High Definition Audio)' : 2 channels at 48 kHz using 32 bits per sample (channel mask 0x3)
[2020.03.04-20.39.17:135][  0]LogInit: FAudioDevice initialized.
[2020.03.04-20.39.17:135][  0]LogNetVersion: Set ProjectVersion to 1.0.0.0. Version Checksum will be recalculated on next use.
[2020.03.04-20.39.17:180][  0]LogDerivedDataCache: Saved boot cache 0.04s 76MB C:/Users/johnsong22/AppData/Local/UnrealEngine/4.22/DerivedDataCache/Boot.ddc.
[2020.03.04-20.39.17:191][  0]LogInit: Texture streaming: Enabled
[2020.03.04-20.39.17:213][  0]LogEngineSessionManager: EngineSessionManager initialized
[2020.03.04-20.39.17:246][  0]LogInit: Transaction tracking system initialized
[2020.03.04-20.39.17:298][  0]BlueprintLog: New page: Editor Load
[2020.03.04-20.39.17:504][  0]LocalizationService: Localization service is disabled
[2020.03.04-20.39.18:077][  0]LogFileCache: Scanning file cache for directory 'E:/Rage_Rambler/Content/' took 0.02s
[2020.03.04-20.39.18:077][  0]LogCook: Display: Max memory allowance for cook 16384mb min free memory 0mb
[2020.03.04-20.39.18:077][  0]LogCook: Display: Mobile HDR setting 1
[2020.03.04-20.39.18:526][  0]Cmd: MAP LOAD FILE="E:/Rage_Rambler/Content/ThirdPersonBP/Maps/ThirdPersonExampleMap.umap" TEMPLATE=0 SHOWPROGRESS=1 FEATURELEVEL=3
[2020.03.04-20.39.18:527][  0]LightingResults: New page: Lighting Build
[2020.03.04-20.39.18:535][  0]MapCheck: New page: Map Check
[2020.03.04-20.39.18:535][  0]LightingResults: New page: Lighting Build
[2020.03.04-20.39.18:570][  0]LogUObjectHash: Compacting FUObjectHashTables data took   1.48ms
[2020.03.04-20.39.18:936][  0]LogAIModule: Creating AISystem for world ThirdPersonExampleMap
[2020.03.04-20.39.18:998][  0]LogEditorServer: Finished looking for orphan Actors (0.000 secs)
[2020.03.04-20.39.19:029][  0]LogUObjectHash: Compacting FUObjectHashTables data took   2.43ms
[2020.03.04-20.39.19:029][  0]Cmd: MAP CHECKDEP NOCLEARLOG
[2020.03.04-20.39.19:029][  0]MapCheck: Map check complete: 0 Error(s), 0 Warning(s), took 0.088ms to complete.
[2020.03.04-20.39.19:029][  0]LogFileHelpers: Loading map 'ThirdPersonExampleMap' took 0.503
[2020.03.04-20.39.19:186][  0]LogSlate: Updating window title bar state: overlay mode, drag disabled, window buttons hidden, title bar hidden
[2020.03.04-20.39.19:194][  0]LogSlate: Updating window title bar state: overlay mode, drag disabled, window buttons hidden, title bar hidden
[2020.03.04-20.39.19:202][  0]LogSlate: Updating window title bar state: overlay mode, drag disabled, window buttons hidden, title bar hidden
[2020.03.04-20.39.19:209][  0]LogSlate: Updating window title bar state: overlay mode, drag disabled, window buttons hidden, title bar hidden
[2020.03.04-20.39.19:227][  0]LogCollectionManager: Loaded 0 collections in 0.002151 seconds
[2020.03.04-20.39.19:279][  0]LogFileCache: Scanning file cache for directory 'E:/Rage_Rambler/Saved/Collections/' took 0.01s
[2020.03.04-20.39.19:279][  0]LogFileCache: Scanning file cache for directory 'E:/Rage_Rambler/Content/Developers/johnsong22/Collections/' took 0.01s
[2020.03.04-20.39.19:279][  0]LogFileCache: Scanning file cache for directory 'E:/Rage_Rambler/Content/Collections/' took 0.01s
[2020.03.04-20.39.19:279][  0]LogCollectionManager: Rebuilt the GUID cache for 0 collections in 0.000001 seconds
[2020.03.04-20.39.19:289][  0]LogContentBrowser: Native class hierarchy populated in 0.0085 seconds. Added 2732 classes and 659 folders.
[2020.03.04-20.39.19:301][  0]LogContentBrowser: Native class hierarchy updated for 'WidgetCarousel' in 0.0003 seconds. Added 0 classes and 0 folders.
[2020.03.04-20.39.19:310][  0]LogPakFile: Registered encryption key '00000000000000000000000000000000': 0 pak files mounted, 0 remain pending
[2020.03.04-20.39.19:318][  0]LogPakFile: Registered encryption key '00000000000000000000000000000000': 0 pak files mounted, 0 remain pending
[2020.03.04-20.39.19:335][  0]LogPakFile: Registered encryption key '00000000000000000000000000000000': 0 pak files mounted, 0 remain pending
[2020.03.04-20.39.19:343][  0]LogPakFile: Registered encryption key '00000000000000000000000000000000': 0 pak files mounted, 0 remain pending
[2020.03.04-20.39.19:350][  0]LogPakFile: Registered encryption key '00000000000000000000000000000000': 0 pak files mounted, 0 remain pending
[2020.03.04-20.39.19:357][  0]LogPakFile: Registered encryption key '00000000000000000000000000000000': 0 pak files mounted, 0 remain pending
[2020.03.04-20.39.19:362][  0]LogPakFile: Registered encryption key '00000000000000000000000000000000': 0 pak files mounted, 0 remain pending
[2020.03.04-20.39.19:368][  0]LogPakFile: Registered encryption key '00000000000000000000000000000000': 0 pak files mounted, 0 remain pending
[2020.03.04-20.39.19:374][  0]LogPakFile: Registered encryption key '00000000000000000000000000000000': 0 pak files mounted, 0 remain pending
[2020.03.04-20.39.19:381][  0]LogPakFile: Registered encryption key '00000000000000000000000000000000': 0 pak files mounted, 0 remain pending
[2020.03.04-20.39.19:386][  0]LogPakFile: Registered encryption key '00000000000000000000000000000000': 0 pak files mounted, 0 remain pending
[2020.03.04-20.39.19:392][  0]LogPakFile: Registered encryption key '00000000000000000000000000000000': 0 pak files mounted, 0 remain pending
[2020.03.04-20.39.19:398][  0]LogPakFile: Registered encryption key '00000000000000000000000000000000': 0 pak files mounted, 0 remain pending
[2020.03.04-20.39.19:405][  0]LogPakFile: Registered encryption key '00000000000000000000000000000000': 0 pak files mounted, 0 remain pending
[2020.03.04-20.39.19:411][  0]LogPakFile: Registered encryption key '00000000000000000000000000000000': 0 pak files mounted, 0 remain pending
[2020.03.04-20.39.19:417][  0]LogPakFile: Registered encryption key '00000000000000000000000000000000': 0 pak files mounted, 0 remain pending
[2020.03.04-20.39.19:449][  0]LogPakFile: Registered encryption key '00000000000000000000000000000000': 0 pak files mounted, 0 remain pending
[2020.03.04-20.39.19:455][  0]LogPakFile: Registered encryption key '00000000000000000000000000000000': 0 pak files mounted, 0 remain pending
[2020.03.04-20.39.19:461][  0]LogPakFile: Registered encryption key '00000000000000000000000000000000': 0 pak files mounted, 0 remain pending
[2020.03.04-20.39.19:466][  0]LogPakFile: Registered encryption key '00000000000000000000000000000000': 0 pak files mounted, 0 remain pending
[2020.03.04-20.39.19:472][  0]LogPakFile: Registered encryption key '00000000000000000000000000000000': 0 pak files mounted, 0 remain pending
[2020.03.04-20.39.19:477][  0]LogPakFile: Registered encryption key '00000000000000000000000000000000': 0 pak files mounted, 0 remain pending
[2020.03.04-20.39.19:483][  0]LogPakFile: Registered encryption key '00000000000000000000000000000000': 0 pak files mounted, 0 remain pending
[2020.03.04-20.39.19:489][  0]LogPakFile: Registered encryption key '00000000000000000000000000000000': 0 pak files mounted, 0 remain pending
[2020.03.04-20.39.19:495][  0]LogPakFile: Registered encryption key '00000000000000000000000000000000': 0 pak files mounted, 0 remain pending
[2020.03.04-20.39.19:501][  0]LogPakFile: Registered encryption key '00000000000000000000000000000000': 0 pak files mounted, 0 remain pending
[2020.03.04-20.39.19:650][  0]LogContentBrowser: Native class hierarchy updated for 'AddContentDialog' in 0.0003 seconds. Added 0 classes and 0 folders.
[2020.03.04-20.39.19:662][  0]LogContentBrowser: Native class hierarchy updated for 'SceneOutliner' in 0.0003 seconds. Added 1 classes and 2 folders.
[2020.03.04-20.39.19:723][  0]LogSlate: Took 0.008487 seconds to synchronously load lazily loaded font '../../../Engine/Content/Slate/Fonts/Roboto-Regular.ttf' (155K)
[2020.03.04-20.39.19:735][  0]LogSlate: Took 0.009165 seconds to synchronously load lazily loaded font '../../../Engine/Content/Slate/Fonts/Roboto-Bold.ttf' (160K)
[2020.03.04-20.39.19:749][  0]LogSlate: Took 0.007565 seconds to synchronously load lazily loaded font '../../../Engine/Content/Editor/Slate/Fonts/FontAwesome.ttf' (139K)
[2020.03.04-20.39.19:876][  0]LogRenderer: Reallocating scene render targets to support 904x456 Format 10 NumSamples 1 (Frame:1).
[2020.03.04-20.39.20:053][  0]LogContentBrowser: Native class hierarchy updated for 'HierarchicalLODOutliner' in 0.0003 seconds. Added 0 classes and 0 folders.
[2020.03.04-20.39.20:053][  0]LogLoad: (Engine Initialization) Total time: 21.31 seconds
[2020.03.04-20.39.20:053][  0]LogLoad: (Engine Initialization) Total Blueprint compile time: 0.00 seconds
[2020.03.04-20.39.20:090][  0]LogAssetRegistry: Asset discovery search completed in 10.4200 seconds
[2020.03.04-20.39.20:092][  0]LogCollectionManager: Rebuilt the object cache for 0 collections in 0.000001 seconds (found 0 objects)
[2020.03.04-20.39.20:092][  0]LogCollectionManager: Fixed up redirectors for 0 collections in 0.000045 seconds (updated 0 objects)
[2020.03.04-20.39.20:096][  0]LogContentStreaming: Texture pool size now 1000 MB
[2020.03.04-20.39.20:141][  0]LogSlate: Took 0.005719 seconds to synchronously load lazily loaded font '../../../Engine/Content/Slate/Fonts/Roboto-Light.ttf' (167K)
[2020.03.04-20.39.21:075][104]LogSlate: Took 0.000155 seconds to synchronously load lazily loaded font '../../../Engine/Content/Slate/Fonts/Roboto-Light.ttf' (167K)
[2020.03.04-20.39.25:657][654]LogSlate: FSceneViewport::OnFocusLost() reason 0
[2020.03.04-20.39.32:534][475]LogSlate: FSceneViewport::OnFocusLost() reason 0
[2020.03.04-20.39.40:514][430]LogLinker: Warning: Can't find file '/Game/Levels/SherlyHall_BuiltData'
[2020.03.04-20.39.40:514][430]LogLinker: Warning: Can't find file for asset '/Game/Levels/SherlyHall_BuiltData' while loading NULL.
[2020.03.04-20.39.40:524][430]LogLinker: Warning: Can't find file '/Game/Levels/SherlyHall_BuiltData'
[2020.03.04-20.39.40:524][430]LogLinker: Warning: Can't find file for asset '/Game/Levels/SherlyHall_BuiltData' while loading NULL.
[2020.03.04-20.39.40:525][430]LogLinker: Warning: Can't find file '/Game/Levels/SherlyHall_BuiltData'
[2020.03.04-20.39.40:525][430]LogLinker: Warning: Can't find file for asset '/Game/Levels/SherlyHall_BuiltData' while loading NULL.
[2020.03.04-20.39.40:525][430]LogLinker: Warning: Can't find file '/Game/Levels/SherlyHall_BuiltData'
[2020.03.04-20.39.40:525][430]LogLinker: Warning: Can't find file for asset '/Game/Levels/SherlyHall_BuiltData' while loading NULL.
[2020.03.04-20.39.40:529][430]LogLinker: Warning: Can't find file '/Game/Levels/SherlyHall_BuiltData'
[2020.03.04-20.39.40:529][430]LoadErrors: Failed to load /Game/Levels/SherlyHall_BuiltData.SherlyHall_BuiltData Referenced by PersistentLevel
[2020.03.04-20.39.40:529][430]LogLinker: Warning: Can't find file for asset '/Game/Levels/SherlyHall_BuiltData' while loading NULL.
[2020.03.04-20.39.40:578][430]LogAIModule: Creating AISystem for world SherlyHall
[2020.03.04-20.39.40:595][430]LogAssetEditorManager: Opening Asset editor for World /Game/Levels/SherlyHall.SherlyHall
[2020.03.04-20.39.40:625][430]LogUObjectHash: Compacting FUObjectHashTables data took   1.55ms
[2020.03.04-20.39.40:626][430]Cmd: MAP LOAD FILE="E:/Rage_Rambler/Content/Levels/SherlyHall.umap" TEMPLATE=0 SHOWPROGRESS=1 FEATURELEVEL=3
[2020.03.04-20.39.40:626][430]LightingResults: New page: Lighting Build
[2020.03.04-20.39.40:627][430]LoadErrors: New page: Loading map: SherlyHall.umap
[2020.03.04-20.39.40:627][430]MapCheck: New page: Map Check
[2020.03.04-20.39.40:627][430]LightingResults: New page: Lighting Build
[2020.03.04-20.39.40:658][430]LogUObjectHash: Compacting FUObjectHashTables data took   1.60ms
[2020.03.04-20.39.40:670][430]LogEditorServer: Finished looking for orphan Actors (0.000 secs)
[2020.03.04-20.39.40:701][430]LogUObjectHash: Compacting FUObjectHashTables data took   1.45ms
[2020.03.04-20.39.40:720][430]Cmd: MAP CHECKDEP NOCLEARLOG
[2020.03.04-20.39.40:720][430]MapCheck: Map check complete: 0 Error(s), 0 Warning(s), took 0.075ms to complete.
[2020.03.04-20.39.40:720][430]LogFileHelpers: Loading map 'SherlyHall' took 0.095
[2020.03.04-20.39.52:168][775]LogEditorViewport: Clicking on Actor (CTRL LMB): StaticMeshActor (Wall11)
[2020.03.04-20.39.53:552][924]LogEditorViewport: Clicking on Actor (CTRL LMB): StaticMeshActor (Cube2)
[2020.03.04-20.39.55:312][128]LogEditorViewport: Clicking on Actor (CTRL LMB): StaticMeshActor (Wall7)
[2020.03.04-20.39.56:408][254]LogEditorViewport: Clicking on Actor (CTRL LMB): StaticMeshActor (Cube)
[2020.03.04-20.39.57:305][356]LogEditorViewport: Clicking on Actor (CTRL LMB): StaticMeshActor (Wall10)
[2020.03.04-20.40.02:875][ 15]LogEditorViewport: Clicking on Actor (CTRL LMB): StaticMeshActor (Wall9)
[2020.03.04-20.40.06:117][395]LogSlate: FSceneViewport::OnFocusLost() reason 0
[2020.03.04-20.40.49:832][593]LogSlate: FSceneViewport::OnFocusLost() reason 2
[2020.03.04-20.40.52:819][940]LogSlate: FSceneViewport::OnFocusLost() reason 2
[2020.03.04-20.40.55:966][306]LogSlate: FSceneViewport::OnFocusLost() reason 2
[2020.03.04-20.40.59:133][672]LogSlate: FSceneViewport::OnFocusLost() reason 0
[2020.03.04-20.42.39:218][ 11]LogSlate: Window 'Material Baking Options' being destroyed
[2020.03.04-20.42.39:227][ 11]LogMaterial: Display: Missing cached shader map for material FExportMaterialRenderer M_Brick_Clay_New, compiling. 
[2020.03.04-20.42.41:609][ 11]LogShaderCompilers: Display: Shaders left to compile 29
[2020.03.04-20.42.41:609][ 11]LogShaderCompilers: Display: Shaders left to compile 28
[2020.03.04-20.42.41:609][ 11]LogShaderCompilers: Display: Shaders left to compile 27
[2020.03.04-20.42.41:609][ 11]LogShaderCompilers: Display: Shaders left to compile 26
[2020.03.04-20.42.41:609][ 11]LogShaderCompilers: Display: Shaders left to compile 25
[2020.03.04-20.42.41:609][ 11]LogShaderCompilers: Display: Shaders left to compile 24
[2020.03.04-20.42.41:609][ 11]LogShaderCompilers: Display: Shaders left to compile 23
[2020.03.04-20.42.41:610][ 11]LogShaderCompilers: Display: Shaders left to compile 22
[2020.03.04-20.42.41:610][ 11]LogShaderCompilers: Display: Shaders left to compile 21
[2020.03.04-20.42.41:610][ 11]LogShaderCompilers: Display: Shaders left to compile 20
[2020.03.04-20.42.41:610][ 11]LogShaderCompilers: Display: Shaders left to compile 19
[2020.03.04-20.42.41:610][ 11]LogShaderCompilers: Display: Shaders left to compile 18
[2020.03.04-20.42.41:610][ 11]LogShaderCompilers: Display: Shaders left to compile 17
[2020.03.04-20.42.41:610][ 11]LogShaderCompilers: Display: Shaders left to compile 16
[2020.03.04-20.42.41:610][ 11]LogShaderCompilers: Display: Shaders left to compile 15
[2020.03.04-20.42.41:610][ 11]LogShaderCompilers: Display: Shaders left to compile 14
[2020.03.04-20.42.41:610][ 11]LogShaderCompilers: Display: Shaders left to compile 13
[2020.03.04-20.42.41:610][ 11]LogShaderCompilers: Display: Shaders left to compile 12
[2020.03.04-20.42.41:610][ 11]LogShaderCompilers: Display: Shaders left to compile 11
[2020.03.04-20.42.41:610][ 11]LogShaderCompilers: Display: Shaders left to compile 10
[2020.03.04-20.42.41:610][ 11]LogShaderCompilers: Display: Shaders left to compile 9
[2020.03.04-20.42.41:610][ 11]LogShaderCompilers: Display: Shaders left to compile 8
[2020.03.04-20.42.41:610][ 11]LogShaderCompilers: Display: Shaders left to compile 7
[2020.03.04-20.42.41:610][ 11]LogShaderCompilers: Display: Shaders left to compile 6
[2020.03.04-20.42.41:610][ 11]LogShaderCompilers: Display: Shaders left to compile 5
[2020.03.04-20.42.41:610][ 11]LogShaderCompilers: Display: Shaders left to compile 4
[2020.03.04-20.42.41:610][ 11]LogShaderCompilers: Display: Shaders left to compile 3
[2020.03.04-20.42.41:610][ 11]LogShaderCompilers: Display: Shaders left to compile 2
[2020.03.04-20.42.41:610][ 11]LogShaderCompilers: Display: Shaders left to compile 1
[2020.03.04-20.42.41:656][ 11]LogTexture: Display: Building textures: T_M_1M_Cube_M_Brick_Clay_New_0F4F8C114D321BA78983E2AE24A8A161_BaseColor (BGRA8, 8192X128)
[2020.03.04-20.42.41:706][ 11]LogMaterial: Display: Missing cached shader map for material NewBaseFlattenMaterial, compiling. 
[2020.03.04-20.42.41:815][ 11]LogShaderCompilers: Display: Shaders left to compile 208
[2020.03.04-20.42.41:815][ 11]LogShaderCompilers: Display: Shaders left to compile 198
[2020.03.04-20.42.41:815][ 11]LogShaderCompilers: Display: Shaders left to compile 188
[2020.03.04-20.42.41:815][ 11]LogShaderCompilers: Display: Shaders left to compile 178
[2020.03.04-20.42.43:159][ 11]LogShaderCompilers: Display: Shaders left to compile 168
[2020.03.04-20.42.43:304][ 11]LogShaderCompilers: Display: Shaders left to compile 158
[2020.03.04-20.42.43:411][ 11]LogShaderCompilers: Display: Shaders left to compile 148
[2020.03.04-20.42.44:807][ 11]LogShaderCompilers: Display: Shaders left to compile 138
[2020.03.04-20.42.44:933][ 11]LogShaderCompilers: Display: Shaders left to compile 128
[2020.03.04-20.42.45:328][ 11]LogShaderCompilers: Display: Shaders left to compile 118
[2020.03.04-20.42.46:216][ 11]LogShaderCompilers: Display: Shaders left to compile 108
[2020.03.04-20.42.46:592][ 11]LogShaderCompilers: Display: Shaders left to compile 98
[2020.03.04-20.42.46:928][ 11]LogSlate: Window 'Material Baking Options' being destroyed
[2020.03.04-20.42.47:108][ 11]LogShaderCompilers: Display: Shaders left to compile 88
[2020.03.04-20.42.47:660][ 11]LogShaderCompilers: Display: Shaders left to compile 78
[2020.03.04-20.42.47:713][ 11]LogShaderCompilers: Display: Shaders left to compile 68
[2020.03.04-20.42.48:396][ 11]LogShaderCompilers: Display: Shaders left to compile 58
[2020.03.04-20.42.49:126][ 11]LogShaderCompilers: Display: Shaders left to compile 48
[2020.03.04-20.42.49:252][ 11]LogShaderCompilers: Display: Shaders left to compile 38
[2020.03.04-20.42.49:792][ 11]LogShaderCompilers: Display: Shaders left to compile 28
[2020.03.04-20.42.50:501][ 11]LogShaderCompilers: Display: Shaders left to compile 18
[2020.03.04-20.42.50:636][ 11]LogShaderCompilers: Display: Shaders left to compile 8
[2020.03.04-20.42.52:624][ 11]LogSlate: Window 'Material Baking Options' being destroyed
[2020.03.04-20.42.52:635][ 11]LogTexture: Display: Building textures: T_M_1M_Cube_M_Brick_Clay_New_B1B444C64463D5769D7ACC9FD81EC3D0_BaseColor (BGRA8, 128X128)
[2020.03.04-20.42.59:381][ 11]LogSlate: Window 'Material Baking Options' being destroyed
[2020.03.04-20.42.59:389][ 11]LogOutputDevice: Warning: 

Script Stack (0 frames):

[2020.03.04-20.42.59:389][ 11]LogWindows: Windows GetLastError: The operation completed successfully. (0)
[2020.03.04-20.43.00:506][ 11]LogWindows: Error: === Critical error: ===
[2020.03.04-20.43.00:506][ 11]LogWindows: Error: 
[2020.03.04-20.43.00:506][ 11]LogWindows: Error: Assertion failed: (Index >= 0) & (Index < ArrayNum) [File:D:\Build\++UE4\Sync\Engine\Source\Runtime\Core\Public\Containers/Array.h] [Line: 611] 
[2020.03.04-20.43.00:506][ 11]LogWindows: Error: Array index out of bounds: 1136 from an array of size 2
[2020.03.04-20.43.00:506][ 11]LogWindows: Error: 
[2020.03.04-20.43.00:506][ 11]LogWindows: Error: 
[2020.03.04-20.43.00:506][ 11]LogWindows: Error: [Callstack] 0x00007ffce0c9a388 KERNELBASE.dll!UnknownFunction []
[2020.03.04-20.43.00:506][ 11]LogWindows: Error: [Callstack] 0x00007ffcaa6f1f07 UE4Editor-Core.dll!UnknownFunction []
[2020.03.04-20.43.00:506][ 11]LogWindows: Error: [Callstack] 0x00007ffcaa6f46b7 UE4Editor-Core.dll!UnknownFunction []
[2020.03.04-20.43.00:506][ 11]LogWindows: Error: [Callstack] 0x00007ffcaa507cea UE4Editor-Core.dll!UnknownFunction []
[2020.03.04-20.43.00:506][ 11]LogWindows: Error: [Callstack] 0x00007ffcaa48fe07 UE4Editor-Core.dll!UnknownFunction []
[2020.03.04-20.43.00:506][ 11]LogWindows: Error: [Callstack] 0x00007ffcaa490499 UE4Editor-Core.dll!UnknownFunction []
[2020.03.04-20.43.00:506][ 11]LogWindows: Error: [Callstack] 0x00007ffc8ac3dea8 UE4Editor-MaterialBaking.dll!UnknownFunction []
[2020.03.04-20.43.00:506][ 11]LogWindows: Error: [Callstack] 0x00007ffc8ac2d27f UE4Editor-MaterialBaking.dll!UnknownFunction []
[2020.03.04-20.43.00:506][ 11]LogWindows: Error: [Callstack] 0x00007ffc8ac28f0e UE4Editor-MaterialBaking.dll!UnknownFunction []
[2020.03.04-20.43.00:506][ 11]LogWindows: Error: [Callstack] 0x00007ffc8ac22536 UE4Editor-MaterialBaking.dll!UnknownFunction []
[2020.03.04-20.43.00:506][ 11]LogWindows: Error: [Callstack] 0x00007ffc825b0aff UE4Editor-MeshMergeUtilities.dll!UnknownFunction []
[2020.03.04-20.43.00:506][ 11]LogWindows: Error: [Callstack] 0x00007ffc825b22f3 UE4Editor-MeshMergeUtilities.dll!UnknownFunction []
[2020.03.04-20.43.00:506][ 11]LogWindows: Error: [Callstack] 0x00007ffc891e5770 UE4Editor-DetailCustomizations.dll!UnknownFunction []
[2020.03.04-20.43.00:506][ 11]LogWindows: Error: [Callstack] 0x00007ffc892290f2 UE4Editor-DetailCustomizations.dll!UnknownFunction []
[2020.03.04-20.43.00:506][ 11]LogWindows: Error: [Callstack] 0x00007ffc919929d2 UE4Editor-Slate.dll!UnknownFunction []
[2020.03.04-20.43.00:506][ 11]LogWindows: Error: [Callstack] 0x00007ffc917e4021 UE4Editor-Slate.dll!UnknownFunction []
[2020.03.04-20.43.00:506][ 11]LogWindows: Error: [Callstack] 0x00007ffc918602c1 UE4Editor-Slate.dll!UnknownFunction []
[2020.03.04-20.43.00:506][ 11]LogWindows: Error: [Callstack] 0x00007ffc9184aa8a UE4Editor-Slate.dll!UnknownFunction []
[2020.03.04-20.43.00:506][ 11]LogWindows: Error: [Callstack] 0x00007ffc918403d4 UE4Editor-Slate.dll!UnknownFunction []
[2020.03.04-20.43.00:506][ 11]LogWindows: Error: [Callstack] 0x00007ffcbfbcb8e0 UE4Editor-ApplicationCore.dll!UnknownFunction []
[2020.03.04-20.43.00:506][ 11]LogWindows: Error: [Callstack] 0x00007ffcbfbbef9f UE4Editor-ApplicationCore.dll!UnknownFunction []
[2020.03.04-20.43.00:506][ 11]LogWindows: Error: [Callstack] 0x00007ffcbfbcd77f UE4Editor-ApplicationCore.dll!UnknownFunction []
[2020.03.04-20.43.00:506][ 11]LogWindows: Error: [Callstack] 0x00007ffcbfbbc090 UE4Editor-ApplicationCore.dll!UnknownFunction []
[2020.03.04-20.43.00:506][ 11]LogWindows: Error: [Callstack] 0x00007ffce1cc6d41 USER32.dll!UnknownFunction []
[2020.03.04-20.43.00:506][ 11]LogWindows: Error: [Callstack] 0x00007ffce1cc6713 USER32.dll!UnknownFunction []
[2020.03.04-20.43.00:506][ 11]LogWindows: Error: [Callstack] 0x00007ffcbfbce946 UE4Editor-ApplicationCore.dll!UnknownFunction []
[2020.03.04-20.43.00:506][ 11]LogWindows: Error: [Callstack] 0x00007ff780fd5d3e UE4Editor.exe!UnknownFunction []
[2020.03.04-20.43.00:506][ 11]LogWindows: Error: [Callstack] 0x00007ff780fe554c UE4Editor.exe!UnknownFunction []
[2020.03.04-20.43.00:506][ 11]LogWindows: Error: [Callstack] 0x00007ff780fe55ca UE4Editor.exe!UnknownFunction []
[2020.03.04-20.43.00:506][ 11]LogWindows: Error: [Callstack] 0x00007ff780ff315c UE4Editor.exe!UnknownFunction []
[2020.03.04-20.43.00:506][ 11]LogWindows: Error: [Callstack] 0x00007ff780ff5b7e UE4Editor.exe!UnknownFunction []
[2020.03.04-20.43.00:506][ 11]LogWindows: Error: [Callstack] 0x00007ffce3914034 KERNEL32.DLL!UnknownFunction []
[2020.03.04-20.43.00:506][ 11]LogWindows: Error: [Callstack] 0x00007ffce41d3691 ntdll.dll!UnknownFunction []
[2020.03.04-20.43.00:506][ 11]LogWindows: Error: 
[2020.03.04-20.43.00:521][ 11]LogExit: Executing StaticShutdownAfterError
[2020.03.04-20.43.00:524][ 11]LogWindows: FPlatformMisc::RequestExit(1)
[2020.03.04-20.43.00:551][ 11]Log file closed, 03/04/20 12:43:00
